Using pre-set license

 COMMAND LINE ARGUMENTS:
/Applications/Unity/Hub/Editor/2020.2.7f1/Unity.app/Contents/MacOS/Unity
-adb2
-batchMode
-noUpm
-name
AssetImportWorker0
-projectPath
/Users/inoseyudai/workspace/Unity/interface/Inter_face
-logFile
Logs/AssetImportWorker0.log
-srvPort
55567
Successfully changed project path to: /Users/inoseyudai/workspace/Unity/interface/Inter_face
/Users/inoseyudai/workspace/Unity/interface/Inter_face
Using Asset Import Pipeline V2.
Refreshing native plugins compatible for Editor in 38.45 ms, found 1 plugins.
Preloading 0 native plugins for Editor in 0.00 ms.
Initialize engine version: 2020.2.7f1 (c53830e277f1)
[Subsystems] Discovering subsystems at path /Applications/Unity/Hub/Editor/2020.2.7f1/Unity.app/Contents/Resources/UnitySubsystems
[Subsystems] Discovering subsystems at path /Users/inoseyudai/workspace/Unity/interface/Inter_face/Assets
GfxDevice: creating device client; threaded=0
2023-08-21 23:33:09.296 Unity[24422:1395692] (null) preferred device: Apple M1 (high power)
2023-08-21 23:33:09.296 Unity[24422:1395692] Metal devices available: 1
2023-08-21 23:33:09.296 Unity[24422:1395692] 0: Apple M1 (high power)
2023-08-21 23:33:09.297 Unity[24422:1395692] Using device Apple M1 (high power)
Initializing Metal device caps: Apple M1
Initialize mono
Mono path[0] = '/Applications/Unity/Hub/Editor/2020.2.7f1/Unity.app/Contents/Managed'
Mono path[1] = '/Applications/Unity/Hub/Editor/2020.2.7f1/Unity.app/Contents/MonoBleedingEdge/lib/mono/unityjit'
Mono config path = '/Applications/Unity/Hub/Editor/2020.2.7f1/Unity.app/Contents/MonoBleedingEdge/etc'
Using monoOptions --debugger-agent=transport=dt_socket,embedding=1,server=y,suspend=n,address=127.0.0.1:56422
Begin MonoManager ReloadAssembly
Registering precompiled unity dll's ...
Register platform support module: /Applications/Unity/Hub/Editor/2020.2.7f1/PlaybackEngines/WebGLSupport/UnityEditor.WebGL.Extensions.dll
Register platform support module: /Applications/Unity/Hub/Editor/2020.2.7f1/Unity.app/Contents/PlaybackEngines/MacStandaloneSupport/UnityEditor.OSXStandalone.Extensions.dll
Registered in 0.002641 seconds.
Native extension for OSXStandalone target not found
Native extension for WebGL target not found
Refreshing native plugins compatible for Editor in 35.42 ms, found 1 plugins.
Preloading 0 native plugins for Editor in 0.00 ms.
Invoked RoslynAnalysisRunner static constructor.
RoslynAnalysisRunner will not be running.
RoslynAnalysisRunner has terminated.
Mono: successfully reloaded assembly
- Completed reload, in  2.854 seconds
Platform modules already initialized, skipping
Registering precompiled user dll's ...
Registered in 0.001490 seconds.
Begin MonoManager ReloadAssembly
Native extension for OSXStandalone target not found
Native extension for WebGL target not found
Refreshing native plugins compatible for Editor in 0.24 ms, found 1 plugins.
Preloading 0 native plugins for Editor in 0.00 ms.
Invoked RoslynAnalysisRunner static constructor.
RoslynAnalysisRunner will not be running.
RoslynAnalysisRunner has terminated.
Mono: successfully reloaded assembly
- Completed reload, in  2.195 seconds
Platform modules already initialized, skipping
========================================================================
Worker process is ready to serve import requests
Launching external process: /Applications/Unity/Hub/Editor/2020.2.7f1/Unity.app/Contents/Tools/UnityShaderCompiler
Launched and connected shader compiler UnityShaderCompiler after 0.05 seconds
Refreshing native plugins compatible for Editor in 0.23 ms, found 1 plugins.
Preloading 0 native plugins for Editor in 0.00 ms.
Unloading 1113 Unused Serialized files (Serialized files now loaded: 0)
System memory in use before: 35.0 MB.
System memory in use after: 35.1 MB.

Unloading 10 unused Assets to reduce memory usage. Loaded Objects now: 1555.
Total: 1.823250 ms (FindLiveObjects: 0.174459 ms CreateObjectMapping: 0.035834 ms MarkObjects: 1.500709 ms  DeleteObjects: 0.109125 ms)

========================================================================
Received Import Request.
  path: Assets/Scenes/Main.unity
  artifactKey: Guid(9fc0d4010bbf28b4594072e72b8655ab) Importer(815301076,1909f56bfc062723c751e8b465ee728b)
Start importing Assets/Scenes/Main.unity using Guid(9fc0d4010bbf28b4594072e72b8655ab) Importer(815301076,1909f56bfc062723c751e8b465ee728b)  -> (artifact id: 'dda948dc2d1ee86efaca7bd75f14c65c') in 0.021693 seconds
  Import took 0.024242 seconds .

========================================================================
Received Prepare
Registering precompiled user dll's ...
Registered in 0.000466 seconds.
Begin MonoManager ReloadAssembly
Native extension for OSXStandalone target not found
Native extension for WebGL target not found
Refreshing native plugins compatible for Editor in 0.27 ms, found 1 plugins.
Preloading 0 native plugins for Editor in 0.00 ms.
Invoked RoslynAnalysisRunner static constructor.
RoslynAnalysisRunner will not be running.
RoslynAnalysisRunner has terminated.
Mono: successfully reloaded assembly
- Completed reload, in  2.074 seconds
Platform modules already initialized, skipping
Refreshing native plugins compatible for Editor in 0.20 ms, found 1 plugins.
Preloading 0 native plugins for Editor in 0.00 ms.
Unloading 1113 Unused Serialized files (Serialized files now loaded: 0)
System memory in use before: 37.0 MB.
System memory in use after: 37.1 MB.

Unloading 5 unused Assets to reduce memory usage. Loaded Objects now: 1563.
Total: 1.654375 ms (FindLiveObjects: 0.168333 ms CreateObjectMapping: 0.035042 ms MarkObjects: 1.383667 ms  DeleteObjects: 0.066000 ms)

========================================================================
Received Import Request.
  Time since last request: 111.219019 seconds.
  path: Assets/Scripts/EnemyGoblin.cs
  artifactKey: Guid(e7b956b2cdf4c4648a11bf37cbfb1337) Importer(815301076,1909f56bfc062723c751e8b465ee728b)
Start importing Assets/Scripts/EnemyGoblin.cs using Guid(e7b956b2cdf4c4648a11bf37cbfb1337) Importer(815301076,1909f56bfc062723c751e8b465ee728b)  -> (artifact id: 'c887543ff0f426402774d8043514b0b4') in 0.279453 seconds
  Import took 0.282324 seconds .

========================================================================
Received Import Request.
  Time since last request: 0.292469 seconds.
  path: Assets/Scripts/Buddy.cs
  artifactKey: Guid(5420fac62c1814e7bbf5053497b8c7b1) Importer(815301076,1909f56bfc062723c751e8b465ee728b)
Start importing Assets/Scripts/Buddy.cs using Guid(5420fac62c1814e7bbf5053497b8c7b1) Importer(815301076,1909f56bfc062723c751e8b465ee728b)  -> (artifact id: '2a215e10d2a126af698298d2b6cdb311') in 0.003404 seconds
  Import took 0.005679 seconds .

========================================================================
Received Import Request.
  Time since last request: 0.717045 seconds.
  path: Assets/Scenes
  artifactKey: Guid(f7ae7f7c0e1b2413aabf9b8d86316f1d) Importer(815301076,1909f56bfc062723c751e8b465ee728b)
Start importing Assets/Scenes using Guid(f7ae7f7c0e1b2413aabf9b8d86316f1d) Importer(815301076,1909f56bfc062723c751e8b465ee728b)  -> (artifact id: '19c6970b72e32494d5cdc48c19779d56') in 0.001023 seconds
  Import took 0.003626 seconds .

========================================================================
Received Import Request.
  Time since last request: 9.462463 seconds.
  path: Assets/Materials
  artifactKey: Guid(4c5f7ca95151e45a8b718927d14f5fb5) Importer(815301076,1909f56bfc062723c751e8b465ee728b)
Start importing Assets/Materials using Guid(4c5f7ca95151e45a8b718927d14f5fb5) Importer(815301076,1909f56bfc062723c751e8b465ee728b)  -> (artifact id: '5e2937902ede60785b7689fe3833241a') in 0.001135 seconds
  Import took 0.003785 seconds .

========================================================================
Received Import Request.
  Time since last request: 28.535817 seconds.
  path: Assets/Scripts/EnemyWizard.cs
  artifactKey: Guid(162d94ea925db4ed3b3219b0edc6dc99) Importer(815301076,1909f56bfc062723c751e8b465ee728b)
Start importing Assets/Scripts/EnemyWizard.cs using Guid(162d94ea925db4ed3b3219b0edc6dc99) Importer(815301076,1909f56bfc062723c751e8b465ee728b)  -> (artifact id: 'b24d1b3ff00d15bda136332576e37447') in 0.003748 seconds
  Import took 0.007318 seconds .

========================================================================
Received Import Request.
  Time since last request: 0.498131 seconds.
  path: Assets/Scripts/GameManager.cs
  artifactKey: Guid(190871cf5a42141ea85ff038faa030ef) Importer(815301076,1909f56bfc062723c751e8b465ee728b)
Start importing Assets/Scripts/GameManager.cs using Guid(190871cf5a42141ea85ff038faa030ef) Importer(815301076,1909f56bfc062723c751e8b465ee728b)  -> (artifact id: '50a8cafcf6cc1fb0acdc5b500edf38d5') in 0.003539 seconds
  Import took 0.006167 seconds .

========================================================================
Received Import Request.
  Time since last request: 0.004969 seconds.
  path: Assets/Scripts/GameManager.cs
  artifactKey: Guid(190871cf5a42141ea85ff038faa030ef) Importer(815301076,1909f56bfc062723c751e8b465ee728b)
Start importing Assets/Scripts/GameManager.cs using Guid(190871cf5a42141ea85ff038faa030ef) Importer(815301076,1909f56bfc062723c751e8b465ee728b)  -> (artifact id: '50a8cafcf6cc1fb0acdc5b500edf38d5') in 0.003121 seconds
  Import took 0.005407 seconds .

========================================================================
Received Import Request.
  Time since last request: 0.513033 seconds.
  path: Assets/Scripts/Player.cs
  artifactKey: Guid(402960f6938774ee29f7c1015b7cfc25) Importer(815301076,1909f56bfc062723c751e8b465ee728b)
Start importing Assets/Scripts/Player.cs using Guid(402960f6938774ee29f7c1015b7cfc25) Importer(815301076,1909f56bfc062723c751e8b465ee728b)  -> (artifact id: '561fb52ede308dd1cd7d32c29f95b499') in 0.003427 seconds
  Import took 0.006167 seconds .

========================================================================
Received Import Request.
  Time since last request: 0.002046 seconds.
  path: Assets/Scripts/Player.cs
  artifactKey: Guid(402960f6938774ee29f7c1015b7cfc25) Importer(815301076,1909f56bfc062723c751e8b465ee728b)
Start importing Assets/Scripts/Player.cs using Guid(402960f6938774ee29f7c1015b7cfc25) Importer(815301076,1909f56bfc062723c751e8b465ee728b)  -> (artifact id: '561fb52ede308dd1cd7d32c29f95b499') in 0.002990 seconds
  Import took 0.005276 seconds .

========================================================================
Received Import Request.
  Time since last request: 56.050988 seconds.
  path: Assets/Scripts
  artifactKey: Guid(6b5dd54ac2c214fb1b172a671f31497d) Importer(815301076,1909f56bfc062723c751e8b465ee728b)
Start importing Assets/Scripts using Guid(6b5dd54ac2c214fb1b172a671f31497d) Importer(815301076,1909f56bfc062723c751e8b465ee728b)  -> (artifact id: '20dddbbb5c60d1a0de96eab38c2c333e') in 0.001403 seconds
  Import took 0.007967 seconds .

========================================================================
Received Import Request.
  Time since last request: 9.446356 seconds.
  path: Assets/Scripts/IDamagable.cs
  artifactKey: Guid(ac8b9d85f15f849d5b87667f98af0513) Importer(815301076,1909f56bfc062723c751e8b465ee728b)
Start importing Assets/Scripts/IDamagable.cs using Guid(ac8b9d85f15f849d5b87667f98af0513) Importer(815301076,1909f56bfc062723c751e8b465ee728b)  -> (artifact id: '16238c2d19b462cc73968cabd3090bf2') in 0.004192 seconds
  Import took 0.006909 seconds .

========================================================================
Received Prepare
Registering precompiled user dll's ...
Registered in 0.000445 seconds.
Begin MonoManager ReloadAssembly
Native extension for OSXStandalone target not found
Native extension for WebGL target not found
Refreshing native plugins compatible for Editor in 0.31 ms, found 1 plugins.
Preloading 0 native plugins for Editor in 0.00 ms.
Invoked RoslynAnalysisRunner static constructor.
RoslynAnalysisRunner will not be running.
RoslynAnalysisRunner has terminated.
Mono: successfully reloaded assembly
- Completed reload, in  2.775 seconds
Platform modules already initialized, skipping
Refreshing native plugins compatible for Editor in 0.29 ms, found 1 plugins.
Preloading 0 native plugins for Editor in 0.00 ms.
Unloading 1114 Unused Serialized files (Serialized files now loaded: 0)
System memory in use before: 117.7 MB.
System memory in use after: 117.7 MB.

Unloading 5 unused Assets to reduce memory usage. Loaded Objects now: 1567.
Total: 2.087833 ms (FindLiveObjects: 0.221917 ms CreateObjectMapping: 0.045958 ms MarkObjects: 1.730333 ms  DeleteObjects: 0.087833 ms)

========================================================================
Received Import Request.
  Time since last request: 62.149628 seconds.
  path: Assets/Scripts/IDamagable.cs
  artifactKey: Guid(ac8b9d85f15f849d5b87667f98af0513) Importer(815301076,1909f56bfc062723c751e8b465ee728b)
Start importing Assets/Scripts/IDamagable.cs using Guid(ac8b9d85f15f849d5b87667f98af0513) Importer(815301076,1909f56bfc062723c751e8b465ee728b)  -> (artifact id: 'cfce5dd33c31426427d2a55b3937b0ca') in 0.060149 seconds
  Import took 0.117601 seconds .

========================================================================
Received Import Request.
  Time since last request: 0.428432 seconds.
  path: Assets/Scripts/IDamagable.cs
  artifactKey: Guid(ac8b9d85f15f849d5b87667f98af0513) Importer(815301076,1909f56bfc062723c751e8b465ee728b)
Start importing Assets/Scripts/IDamagable.cs using Guid(ac8b9d85f15f849d5b87667f98af0513) Importer(815301076,1909f56bfc062723c751e8b465ee728b)  -> (artifact id: 'cfce5dd33c31426427d2a55b3937b0ca') in 0.003133 seconds
  Import took 0.005379 seconds .

========================================================================
Received Import Request.
  Time since last request: 58.996482 seconds.
  path: Assets/Scripts/IDamagable.cs
  artifactKey: Guid(ac8b9d85f15f849d5b87667f98af0513) Importer(815301076,1909f56bfc062723c751e8b465ee728b)
Start importing Assets/Scripts/IDamagable.cs using Guid(ac8b9d85f15f849d5b87667f98af0513) Importer(815301076,1909f56bfc062723c751e8b465ee728b)  -> (artifact id: 'e4bf9910d3834c30fc3ca863a376a480') in 0.013049 seconds
  Import took 0.058871 seconds .

========================================================================
Received Import Request.
  Time since last request: 0.142031 seconds.
  path: Assets/Scripts/IDamagable.cs
  artifactKey: Guid(ac8b9d85f15f849d5b87667f98af0513) Importer(815301076,1909f56bfc062723c751e8b465ee728b)
Start importing Assets/Scripts/IDamagable.cs using Guid(ac8b9d85f15f849d5b87667f98af0513) Importer(815301076,1909f56bfc062723c751e8b465ee728b)  -> (artifact id: 'e4bf9910d3834c30fc3ca863a376a480') in 0.003014 seconds
  Import took 0.005692 seconds .

========================================================================
Received Prepare
Registering precompiled user dll's ...
Registered in 0.000536 seconds.
Begin MonoManager ReloadAssembly
Native extension for OSXStandalone target not found
Native extension for WebGL target not found
Refreshing native plugins compatible for Editor in 0.33 ms, found 1 plugins.
Preloading 0 native plugins for Editor in 0.00 ms.
Invoked RoslynAnalysisRunner static constructor.
RoslynAnalysisRunner will not be running.
RoslynAnalysisRunner has terminated.
Mono: successfully reloaded assembly
- Completed reload, in  2.927 seconds
Platform modules already initialized, skipping
Refreshing native plugins compatible for Editor in 0.23 ms, found 1 plugins.
Preloading 0 native plugins for Editor in 0.00 ms.
Unloading 1114 Unused Serialized files (Serialized files now loaded: 0)
System memory in use before: 119.6 MB.
System memory in use after: 119.6 MB.

Unloading 5 unused Assets to reduce memory usage. Loaded Objects now: 1570.
Total: 1.624542 ms (FindLiveObjects: 0.173708 ms CreateObjectMapping: 0.035250 ms MarkObjects: 1.346542 ms  DeleteObjects: 0.067333 ms)

========================================================================
Received Import Request.
  Time since last request: 92.692529 seconds.
  path: Assets/Enemy.cs
  artifactKey: Guid(f213189b93fe24f818f11d7e70cb5a16) Importer(815301076,1909f56bfc062723c751e8b465ee728b)
Start importing Assets/Enemy.cs using Guid(f213189b93fe24f818f11d7e70cb5a16) Importer(815301076,1909f56bfc062723c751e8b465ee728b)  -> (artifact id: '98fc0b2ec6fdae5f7a4a4596fb710d3c') in 0.041413 seconds
  Import took 0.050328 seconds .

========================================================================
Received Prepare
Registering precompiled user dll's ...
Registered in 0.000370 seconds.
Begin MonoManager ReloadAssembly
Native extension for OSXStandalone target not found
Native extension for WebGL target not found
Refreshing native plugins compatible for Editor in 0.26 ms, found 1 plugins.
Preloading 0 native plugins for Editor in 0.00 ms.
Invoked RoslynAnalysisRunner static constructor.
RoslynAnalysisRunner will not be running.
RoslynAnalysisRunner has terminated.
Mono: successfully reloaded assembly
- Completed reload, in  2.278 seconds
Platform modules already initialized, skipping
Refreshing native plugins compatible for Editor in 0.24 ms, found 1 plugins.
Preloading 0 native plugins for Editor in 0.00 ms.
Unloading 1115 Unused Serialized files (Serialized files now loaded: 0)
System memory in use before: 121.5 MB.
System memory in use after: 121.5 MB.

Unloading 5 unused Assets to reduce memory usage. Loaded Objects now: 1574.
Total: 1.607084 ms (FindLiveObjects: 0.170583 ms CreateObjectMapping: 0.035542 ms MarkObjects: 1.319791 ms  DeleteObjects: 0.079584 ms)

========================================================================
Received Prepare
Registering precompiled user dll's ...
Registered in 0.000343 seconds.
Begin MonoManager ReloadAssembly
Native extension for OSXStandalone target not found
Native extension for WebGL target not found
Refreshing native plugins compatible for Editor in 0.26 ms, found 1 plugins.
Preloading 0 native plugins for Editor in 0.00 ms.
Invoked RoslynAnalysisRunner static constructor.
RoslynAnalysisRunner will not be running.
RoslynAnalysisRunner has terminated.
Mono: successfully reloaded assembly
- Completed reload, in  2.077 seconds
Platform modules already initialized, skipping
Refreshing native plugins compatible for Editor in 0.22 ms, found 1 plugins.
Preloading 0 native plugins for Editor in 0.00 ms.
Unloading 1115 Unused Serialized files (Serialized files now loaded: 0)
System memory in use before: 123.3 MB.
System memory in use after: 123.4 MB.

Unloading 5 unused Assets to reduce memory usage. Loaded Objects now: 1577.
Total: 1.553375 ms (FindLiveObjects: 0.123292 ms CreateObjectMapping: 0.038083 ms MarkObjects: 1.320750 ms  DeleteObjects: 0.069750 ms)

========================================================================
Received Import Request.
  Time since last request: 114.153130 seconds.
  path: Assets/Scripts/Player.cs
  artifactKey: Guid(402960f6938774ee29f7c1015b7cfc25) Importer(815301076,1909f56bfc062723c751e8b465ee728b)
Start importing Assets/Scripts/Player.cs using Guid(402960f6938774ee29f7c1015b7cfc25) Importer(815301076,1909f56bfc062723c751e8b465ee728b)  -> (artifact id: '5a1470e93c7a4284fb6dea535b075242') in 0.053693 seconds
  Import took 0.090389 seconds .

========================================================================
Received Import Request.
  Time since last request: 0.306694 seconds.
  path: Assets/Scripts/Player.cs
  artifactKey: Guid(402960f6938774ee29f7c1015b7cfc25) Importer(815301076,1909f56bfc062723c751e8b465ee728b)
Start importing Assets/Scripts/Player.cs using Guid(402960f6938774ee29f7c1015b7cfc25) Importer(815301076,1909f56bfc062723c751e8b465ee728b)  -> (artifact id: '5a1470e93c7a4284fb6dea535b075242') in 0.002679 seconds
  Import took 0.004900 seconds .

========================================================================
Received Prepare
Registering precompiled user dll's ...
Registered in 0.000473 seconds.
Begin MonoManager ReloadAssembly
Native extension for OSXStandalone target not found
Native extension for WebGL target not found
Refreshing native plugins compatible for Editor in 0.26 ms, found 1 plugins.
Preloading 0 native plugins for Editor in 0.00 ms.
Invoked RoslynAnalysisRunner static constructor.
RoslynAnalysisRunner will not be running.
RoslynAnalysisRunner has terminated.
Mono: successfully reloaded assembly
- Completed reload, in  2.296 seconds
Platform modules already initialized, skipping
Refreshing native plugins compatible for Editor in 0.19 ms, found 1 plugins.
Preloading 0 native plugins for Editor in 0.00 ms.
Unloading 1114 Unused Serialized files (Serialized files now loaded: 0)
System memory in use before: 125.2 MB.
System memory in use after: 125.3 MB.

Unloading 6 unused Assets to reduce memory usage. Loaded Objects now: 1579.
Total: 1.601875 ms (FindLiveObjects: 0.163083 ms CreateObjectMapping: 0.035500 ms MarkObjects: 1.330541 ms  DeleteObjects: 0.071375 ms)

========================================================================
Received Prepare
Registering precompiled user dll's ...
Registered in 0.000419 seconds.
Begin MonoManager ReloadAssembly
Native extension for OSXStandalone target not found
Native extension for WebGL target not found
Refreshing native plugins compatible for Editor in 0.28 ms, found 1 plugins.
Preloading 0 native plugins for Editor in 0.00 ms.
Invoked RoslynAnalysisRunner static constructor.
RoslynAnalysisRunner will not be running.
RoslynAnalysisRunner has terminated.
Mono: successfully reloaded assembly
- Completed reload, in  2.172 seconds
Platform modules already initialized, skipping
Refreshing native plugins compatible for Editor in 0.22 ms, found 1 plugins.
Preloading 0 native plugins for Editor in 0.00 ms.
Unloading 1114 Unused Serialized files (Serialized files now loaded: 0)
System memory in use before: 127.1 MB.
System memory in use after: 127.2 MB.

Unloading 5 unused Assets to reduce memory usage. Loaded Objects now: 1582.
Total: 1.646875 ms (FindLiveObjects: 0.181583 ms CreateObjectMapping: 0.036250 ms MarkObjects: 1.355541 ms  DeleteObjects: 0.072333 ms)

========================================================================
Received Prepare
Registering precompiled user dll's ...
Registered in 0.000385 seconds.
Begin MonoManager ReloadAssembly
Native extension for OSXStandalone target not found
Native extension for WebGL target not found
Refreshing native plugins compatible for Editor in 0.24 ms, found 1 plugins.
Preloading 0 native plugins for Editor in 0.00 ms.
Invoked RoslynAnalysisRunner static constructor.
RoslynAnalysisRunner will not be running.
RoslynAnalysisRunner has terminated.
Mono: successfully reloaded assembly
- Completed reload, in  2.087 seconds
Platform modules already initialized, skipping
Refreshing native plugins compatible for Editor in 0.22 ms, found 1 plugins.
Preloading 0 native plugins for Editor in 0.00 ms.
Unloading 1114 Unused Serialized files (Serialized files now loaded: 0)
System memory in use before: 129.0 MB.
System memory in use after: 129.1 MB.

Unloading 5 unused Assets to reduce memory usage. Loaded Objects now: 1585.
Total: 1.566541 ms (FindLiveObjects: 0.116458 ms CreateObjectMapping: 0.035583 ms MarkObjects: 1.350042 ms  DeleteObjects: 0.063209 ms)

========================================================================
Received Prepare
Registering precompiled user dll's ...
Registered in 0.000403 seconds.
Begin MonoManager ReloadAssembly
Native extension for OSXStandalone target not found
Native extension for WebGL target not found
Refreshing native plugins compatible for Editor in 0.29 ms, found 1 plugins.
Preloading 0 native plugins for Editor in 0.00 ms.
Invoked RoslynAnalysisRunner static constructor.
RoslynAnalysisRunner will not be running.
RoslynAnalysisRunner has terminated.
Mono: successfully reloaded assembly
- Completed reload, in  2.239 seconds
Platform modules already initialized, skipping
Refreshing native plugins compatible for Editor in 0.26 ms, found 1 plugins.
Preloading 0 native plugins for Editor in 0.00 ms.
Unloading 1115 Unused Serialized files (Serialized files now loaded: 0)
System memory in use before: 130.9 MB.
System memory in use after: 131.0 MB.

Unloading 5 unused Assets to reduce memory usage. Loaded Objects now: 1589.
Total: 1.674709 ms (FindLiveObjects: 0.171458 ms CreateObjectMapping: 0.036792 ms MarkObjects: 1.392500 ms  DeleteObjects: 0.072417 ms)

========================================================================
Received Prepare
Registering precompiled user dll's ...
Registered in 0.000402 seconds.
Begin MonoManager ReloadAssembly
Native extension for OSXStandalone target not found
Native extension for WebGL target not found
Refreshing native plugins compatible for Editor in 0.49 ms, found 1 plugins.
Preloading 0 native plugins for Editor in 0.00 ms.
Invoked RoslynAnalysisRunner static constructor.
RoslynAnalysisRunner will not be running.
RoslynAnalysisRunner has terminated.
Mono: successfully reloaded assembly
- Completed reload, in  2.284 seconds
Platform modules already initialized, skipping
Refreshing native plugins compatible for Editor in 0.25 ms, found 1 plugins.
Preloading 0 native plugins for Editor in 0.00 ms.
Unloading 1115 Unused Serialized files (Serialized files now loaded: 0)
System memory in use before: 132.8 MB.
System memory in use after: 132.8 MB.

Unloading 5 unused Assets to reduce memory usage. Loaded Objects now: 1592.
Total: 1.615542 ms (FindLiveObjects: 0.171500 ms CreateObjectMapping: 0.036167 ms MarkObjects: 1.333916 ms  DeleteObjects: 0.072583 ms)

========================================================================
Received Import Request.
  Time since last request: 231.036941 seconds.
  path: Assets/Scripts/IDamagable.cs
  artifactKey: Guid(ac8b9d85f15f849d5b87667f98af0513) Importer(815301076,1909f56bfc062723c751e8b465ee728b)
Start importing Assets/Scripts/IDamagable.cs using Guid(ac8b9d85f15f849d5b87667f98af0513) Importer(815301076,1909f56bfc062723c751e8b465ee728b)  -> (artifact id: 'e01b20eb4b1a47dad7411e05160778dc') in 0.009244 seconds
  Import took 0.011443 seconds .

========================================================================
Received Import Request.
  Time since last request: 0.028656 seconds.
  path: Assets/Scripts/IDamagable.cs
  artifactKey: Guid(ac8b9d85f15f849d5b87667f98af0513) Importer(815301076,1909f56bfc062723c751e8b465ee728b)
Start importing Assets/Scripts/IDamagable.cs using Guid(ac8b9d85f15f849d5b87667f98af0513) Importer(815301076,1909f56bfc062723c751e8b465ee728b)  -> (artifact id: 'e01b20eb4b1a47dad7411e05160778dc') in 0.002695 seconds
  Import took 0.004834 seconds .

========================================================================
Received Import Request.
  Time since last request: 5.430942 seconds.
  path: Assets/Scripts/IHealable.cs
  artifactKey: Guid(3e302be7288374dd597135013e17b10a) Importer(815301076,1909f56bfc062723c751e8b465ee728b)
Start importing Assets/Scripts/IHealable.cs using Guid(3e302be7288374dd597135013e17b10a) Importer(815301076,1909f56bfc062723c751e8b465ee728b)  -> (artifact id: 'feb02abfc9dde0158965b7d162a27d20') in 0.003831 seconds
  Import took 0.006254 seconds .

========================================================================
Received Import Request.
  Time since last request: 64.938547 seconds.
  path: Assets/Scripts/IHealable.cs
  artifactKey: Guid(3e302be7288374dd597135013e17b10a) Importer(815301076,1909f56bfc062723c751e8b465ee728b)
Start importing Assets/Scripts/IHealable.cs using Guid(3e302be7288374dd597135013e17b10a) Importer(815301076,1909f56bfc062723c751e8b465ee728b)  -> (artifact id: 'eea80ea589854ec7ef80d9c890c802bd') in 0.012216 seconds
  Import took 0.075535 seconds .

========================================================================
Received Import Request.
  Time since last request: 0.212356 seconds.
  path: Assets/Scripts/IHealable.cs
  artifactKey: Guid(3e302be7288374dd597135013e17b10a) Importer(815301076,1909f56bfc062723c751e8b465ee728b)
Start importing Assets/Scripts/IHealable.cs using Guid(3e302be7288374dd597135013e17b10a) Importer(815301076,1909f56bfc062723c751e8b465ee728b)  -> (artifact id: 'eea80ea589854ec7ef80d9c890c802bd') in 0.004025 seconds
  Import took 0.006362 seconds .

========================================================================
Received Prepare
Registering precompiled user dll's ...
Registered in 0.000405 seconds.
Begin MonoManager ReloadAssembly
Native extension for OSXStandalone target not found
Native extension for WebGL target not found
Refreshing native plugins compatible for Editor in 0.24 ms, found 1 plugins.
Preloading 0 native plugins for Editor in 0.00 ms.
Invoked RoslynAnalysisRunner static constructor.
RoslynAnalysisRunner will not be running.
RoslynAnalysisRunner has terminated.
Mono: successfully reloaded assembly
- Completed reload, in  2.193 seconds
Platform modules already initialized, skipping
Refreshing native plugins compatible for Editor in 0.24 ms, found 1 plugins.
Preloading 0 native plugins for Editor in 0.00 ms.
Unloading 1116 Unused Serialized files (Serialized files now loaded: 0)
System memory in use before: 134.7 MB.
System memory in use after: 134.7 MB.

Unloading 5 unused Assets to reduce memory usage. Loaded Objects now: 1596.
Total: 1.682500 ms (FindLiveObjects: 0.186042 ms CreateObjectMapping: 0.035666 ms MarkObjects: 1.385000 ms  DeleteObjects: 0.074333 ms)

========================================================================
Received Import Request.
  Time since last request: 277.802898 seconds.
  path: Assets/Scripts/IHealable.cs
  artifactKey: Guid(3e302be7288374dd597135013e17b10a) Importer(815301076,1909f56bfc062723c751e8b465ee728b)
Start importing Assets/Scripts/IHealable.cs using Guid(3e302be7288374dd597135013e17b10a) Importer(815301076,1909f56bfc062723c751e8b465ee728b)  -> (artifact id: '11fcd0f4435bbe6154b0d96f56d4f02d') in 0.068101 seconds
  Import took 0.121476 seconds .

========================================================================
Received Import Request.
  Time since last request: 92.484347 seconds.
  path: Assets/Scripts/IHealable.cs
  artifactKey: Guid(3e302be7288374dd597135013e17b10a) Importer(815301076,1909f56bfc062723c751e8b465ee728b)
Start importing Assets/Scripts/IHealable.cs using Guid(3e302be7288374dd597135013e17b10a) Importer(815301076,1909f56bfc062723c751e8b465ee728b)  -> (artifact id: '282761e58ebb4d230b58b48d2400e8ae') in 0.013006 seconds
  Import took 0.042578 seconds .

========================================================================
Received Import Request.
  Time since last request: 134.760321 seconds.
  path: Assets/Scripts/IHealable.cs
  artifactKey: Guid(3e302be7288374dd597135013e17b10a) Importer(815301076,1909f56bfc062723c751e8b465ee728b)
Start importing Assets/Scripts/IHealable.cs using Guid(3e302be7288374dd597135013e17b10a) Importer(815301076,1909f56bfc062723c751e8b465ee728b)  -> (artifact id: 'f4ac667d50a987d09de34f92e8cc3a6a') in 0.027240 seconds
  Import took 0.068661 seconds .

========================================================================
Received Import Request.
  Time since last request: 0.181584 seconds.
  path: Assets/Scripts/IHealable.cs
  artifactKey: Guid(3e302be7288374dd597135013e17b10a) Importer(815301076,1909f56bfc062723c751e8b465ee728b)
Start importing Assets/Scripts/IHealable.cs using Guid(3e302be7288374dd597135013e17b10a) Importer(815301076,1909f56bfc062723c751e8b465ee728b)  -> (artifact id: 'f4ac667d50a987d09de34f92e8cc3a6a') in 0.002983 seconds
  Import took 0.005411 seconds .

========================================================================
Received Prepare
Registering precompiled user dll's ...
Registered in 0.000428 seconds.
Begin MonoManager ReloadAssembly
Native extension for OSXStandalone target not found
Native extension for WebGL target not found
Refreshing native plugins compatible for Editor in 0.26 ms, found 1 plugins.
Preloading 0 native plugins for Editor in 0.00 ms.
Invoked RoslynAnalysisRunner static constructor.
RoslynAnalysisRunner will not be running.
RoslynAnalysisRunner has terminated.
Mono: successfully reloaded assembly
- Completed reload, in  2.158 seconds
Platform modules already initialized, skipping
Refreshing native plugins compatible for Editor in 0.23 ms, found 1 plugins.
Preloading 0 native plugins for Editor in 0.00 ms.
Unloading 1116 Unused Serialized files (Serialized files now loaded: 0)
System memory in use before: 136.6 MB.
System memory in use after: 136.6 MB.

Unloading 5 unused Assets to reduce memory usage. Loaded Objects now: 1599.
Total: 3.240375 ms (FindLiveObjects: 0.356375 ms CreateObjectMapping: 0.035500 ms MarkObjects: 2.781625 ms  DeleteObjects: 0.065459 ms)

========================================================================
Received Prepare
Registering precompiled user dll's ...
Registered in 0.000414 seconds.
Begin MonoManager ReloadAssembly
Native extension for OSXStandalone target not found
Native extension for WebGL target not found
Refreshing native plugins compatible for Editor in 0.27 ms, found 1 plugins.
Preloading 0 native plugins for Editor in 0.00 ms.
Invoked RoslynAnalysisRunner static constructor.
RoslynAnalysisRunner will not be running.
RoslynAnalysisRunner has terminated.
Mono: successfully reloaded assembly
- Completed reload, in  2.345 seconds
Platform modules already initialized, skipping
Refreshing native plugins compatible for Editor in 0.25 ms, found 1 plugins.
Preloading 0 native plugins for Editor in 0.00 ms.
Unloading 1116 Unused Serialized files (Serialized files now loaded: 0)
System memory in use before: 138.4 MB.
System memory in use after: 138.5 MB.

Unloading 5 unused Assets to reduce memory usage. Loaded Objects now: 1602.
Total: 1.806292 ms (FindLiveObjects: 0.253500 ms CreateObjectMapping: 0.036792 ms MarkObjects: 1.439750 ms  DeleteObjects: 0.074833 ms)

========================================================================
Received Prepare
Registering precompiled user dll's ...
Registered in 0.001838 seconds.
Begin MonoManager ReloadAssembly
Native extension for OSXStandalone target not found
Native extension for WebGL target not found
Refreshing native plugins compatible for Editor in 0.26 ms, found 1 plugins.
Preloading 0 native plugins for Editor in 0.00 ms.
Invoked RoslynAnalysisRunner static constructor.
RoslynAnalysisRunner will not be running.
RoslynAnalysisRunner has terminated.
Mono: successfully reloaded assembly
- Completed reload, in  2.493 seconds
Platform modules already initialized, skipping
Refreshing native plugins compatible for Editor in 0.22 ms, found 1 plugins.
Preloading 0 native plugins for Editor in 0.00 ms.
Unloading 1116 Unused Serialized files (Serialized files now loaded: 0)
System memory in use before: 140.3 MB.
System memory in use after: 140.4 MB.

Unloading 5 unused Assets to reduce memory usage. Loaded Objects now: 1605.
Total: 1.680875 ms (FindLiveObjects: 0.219625 ms CreateObjectMapping: 0.036667 ms MarkObjects: 1.358125 ms  DeleteObjects: 0.064833 ms)

========================================================================
Received Prepare
Registering precompiled user dll's ...
Registered in 0.000360 seconds.
Begin MonoManager ReloadAssembly
Native extension for OSXStandalone target not found
Native extension for WebGL target not found
Refreshing native plugins compatible for Editor in 0.38 ms, found 1 plugins.
Preloading 0 native plugins for Editor in 0.00 ms.
Invoked RoslynAnalysisRunner static constructor.
RoslynAnalysisRunner will not be running.
RoslynAnalysisRunner has terminated.
Mono: successfully reloaded assembly
- Completed reload, in  2.619 seconds
Platform modules already initialized, skipping
Refreshing native plugins compatible for Editor in 0.30 ms, found 1 plugins.
Preloading 0 native plugins for Editor in 0.00 ms.
Unloading 1116 Unused Serialized files (Serialized files now loaded: 0)
System memory in use before: 142.2 MB.
System memory in use after: 142.3 MB.

Unloading 5 unused Assets to reduce memory usage. Loaded Objects now: 1608.
Total: 2.405167 ms (FindLiveObjects: 0.185042 ms CreateObjectMapping: 0.082792 ms MarkObjects: 2.047916 ms  DeleteObjects: 0.087750 ms)

========================================================================
Received Prepare
Registering precompiled user dll's ...
Registered in 0.000431 seconds.
Begin MonoManager ReloadAssembly
Native extension for OSXStandalone target not found
Native extension for WebGL target not found
Refreshing native plugins compatible for Editor in 0.27 ms, found 1 plugins.
Preloading 0 native plugins for Editor in 0.00 ms.
Invoked RoslynAnalysisRunner static constructor.
RoslynAnalysisRunner will not be running.
RoslynAnalysisRunner has terminated.
Mono: successfully reloaded assembly
- Completed reload, in  2.269 seconds
Platform modules already initialized, skipping
Refreshing native plugins compatible for Editor in 0.23 ms, found 1 plugins.
Preloading 0 native plugins for Editor in 0.00 ms.
Unloading 1116 Unused Serialized files (Serialized files now loaded: 0)
System memory in use before: 144.1 MB.
System memory in use after: 144.2 MB.

Unloading 5 unused Assets to reduce memory usage. Loaded Objects now: 1611.
Total: 2.213250 ms (FindLiveObjects: 0.268417 ms CreateObjectMapping: 0.039625 ms MarkObjects: 1.545000 ms  DeleteObjects: 0.358334 ms)

========================================================================
Received Import Request.
  Time since last request: 747.699907 seconds.
  path: Assets/Scripts/Buddy.cs
  artifactKey: Guid(5420fac62c1814e7bbf5053497b8c7b1) Importer(815301076,1909f56bfc062723c751e8b465ee728b)
Start importing Assets/Scripts/Buddy.cs using Guid(5420fac62c1814e7bbf5053497b8c7b1) Importer(815301076,1909f56bfc062723c751e8b465ee728b)  -> (artifact id: '4ef774b46bad00a82fd0e0e5ad96f121') in 0.010052 seconds
  Import took 0.012320 seconds .

========================================================================
Received Import Request.
  Time since last request: 10.186241 seconds.
  path: Assets/Scripts/Buddy.cs
  artifactKey: Guid(5420fac62c1814e7bbf5053497b8c7b1) Importer(815301076,1909f56bfc062723c751e8b465ee728b)
Start importing Assets/Scripts/Buddy.cs using Guid(5420fac62c1814e7bbf5053497b8c7b1) Importer(815301076,1909f56bfc062723c751e8b465ee728b)  -> (artifact id: 'af5c27e43d12516843ff14f36b57e394') in 0.007553 seconds
  Import took 0.012398 seconds .

========================================================================
Received Prepare
Registering precompiled user dll's ...
Registered in 0.000437 seconds.
Begin MonoManager ReloadAssembly
Native extension for OSXStandalone target not found
Native extension for WebGL target not found
Refreshing native plugins compatible for Editor in 0.25 ms, found 1 plugins.
Preloading 0 native plugins for Editor in 0.00 ms.
Invoked RoslynAnalysisRunner static constructor.
RoslynAnalysisRunner will not be running.
RoslynAnalysisRunner has terminated.
Mono: successfully reloaded assembly
- Completed reload, in  2.187 seconds
Platform modules already initialized, skipping
Refreshing native plugins compatible for Editor in 0.21 ms, found 1 plugins.
Preloading 0 native plugins for Editor in 0.00 ms.
Unloading 1116 Unused Serialized files (Serialized files now loaded: 0)
System memory in use before: 146.0 MB.
System memory in use after: 146.0 MB.

Unloading 5 unused Assets to reduce memory usage. Loaded Objects now: 1614.
Total: 1.642334 ms (FindLiveObjects: 0.156125 ms CreateObjectMapping: 0.035917 ms MarkObjects: 1.387292 ms  DeleteObjects: 0.061875 ms)

========================================================================
Received Prepare
Registering precompiled user dll's ...
Registered in 0.003497 seconds.
Begin MonoManager ReloadAssembly
Native extension for OSXStandalone target not found
Native extension for WebGL target not found
Refreshing native plugins compatible for Editor in 0.26 ms, found 1 plugins.
Preloading 0 native plugins for Editor in 0.00 ms.
Invoked RoslynAnalysisRunner static constructor.
RoslynAnalysisRunner will not be running.
RoslynAnalysisRunner has terminated.
Mono: successfully reloaded assembly
- Completed reload, in  2.244 seconds
Platform modules already initialized, skipping
Refreshing native plugins compatible for Editor in 0.24 ms, found 1 plugins.
Preloading 0 native plugins for Editor in 0.00 ms.
Unloading 1116 Unused Serialized files (Serialized files now loaded: 0)
System memory in use before: 147.8 MB.
System memory in use after: 147.9 MB.

Unloading 5 unused Assets to reduce memory usage. Loaded Objects now: 1617.
Total: 1.637916 ms (FindLiveObjects: 0.184375 ms CreateObjectMapping: 0.039708 ms MarkObjects: 1.342709 ms  DeleteObjects: 0.069709 ms)

========================================================================
Received Import Request.
  Time since last request: 1217.521739 seconds.
  path: Assets/Scripts/EnemyGoblin.cs
  artifactKey: Guid(e7b956b2cdf4c4648a11bf37cbfb1337) Importer(815301076,1909f56bfc062723c751e8b465ee728b)
Start importing Assets/Scripts/EnemyGoblin.cs using Guid(e7b956b2cdf4c4648a11bf37cbfb1337) Importer(815301076,1909f56bfc062723c751e8b465ee728b)  -> (artifact id: '9b7afba66b1e2b91d2ca5c01999b2878') in 0.043936 seconds
  Import took 0.109486 seconds .

========================================================================
Received Prepare
Registering precompiled user dll's ...
Registered in 0.000482 seconds.
Begin MonoManager ReloadAssembly
Native extension for OSXStandalone target not found
Native extension for WebGL target not found
Refreshing native plugins compatible for Editor in 0.29 ms, found 1 plugins.
Preloading 0 native plugins for Editor in 0.00 ms.
Invoked RoslynAnalysisRunner static constructor.
RoslynAnalysisRunner will not be running.
RoslynAnalysisRunner has terminated.
Mono: successfully reloaded assembly
- Completed reload, in  2.438 seconds
Platform modules already initialized, skipping
Refreshing native plugins compatible for Editor in 0.26 ms, found 1 plugins.
Preloading 0 native plugins for Editor in 0.00 ms.
Unloading 1116 Unused Serialized files (Serialized files now loaded: 0)
System memory in use before: 149.7 MB.
System memory in use after: 149.8 MB.

Unloading 5 unused Assets to reduce memory usage. Loaded Objects now: 1620.
Total: 1.670750 ms (FindLiveObjects: 0.206041 ms CreateObjectMapping: 0.039584 ms MarkObjects: 1.358666 ms  DeleteObjects: 0.065083 ms)

========================================================================
Received Prepare
Registering precompiled user dll's ...
Registered in 0.001705 seconds.
Begin MonoManager ReloadAssembly
Native extension for OSXStandalone target not found
Native extension for WebGL target not found
Refreshing native plugins compatible for Editor in 0.39 ms, found 1 plugins.
Preloading 0 native plugins for Editor in 0.00 ms.
Invoked RoslynAnalysisRunner static constructor.
RoslynAnalysisRunner will not be running.
RoslynAnalysisRunner has terminated.
Mono: successfully reloaded assembly
- Completed reload, in  2.852 seconds
Platform modules already initialized, skipping
Refreshing native plugins compatible for Editor in 0.24 ms, found 1 plugins.
Preloading 0 native plugins for Editor in 0.00 ms.
Unloading 1116 Unused Serialized files (Serialized files now loaded: 0)
System memory in use before: 151.6 MB.
System memory in use after: 151.7 MB.

Unloading 5 unused Assets to reduce memory usage. Loaded Objects now: 1623.
Total: 2.066542 ms (FindLiveObjects: 0.222083 ms CreateObjectMapping: 0.043125 ms MarkObjects: 1.701625 ms  DeleteObjects: 0.097500 ms)

========================================================================
Received Prepare
Registering precompiled user dll's ...
Registered in 0.001051 seconds.
Begin MonoManager ReloadAssembly
Native extension for OSXStandalone target not found
Native extension for WebGL target not found
Refreshing native plugins compatible for Editor in 0.37 ms, found 1 plugins.
Preloading 0 native plugins for Editor in 0.00 ms.
Invoked RoslynAnalysisRunner static constructor.
RoslynAnalysisRunner will not be running.
RoslynAnalysisRunner has terminated.
Mono: successfully reloaded assembly
- Completed reload, in  4.023 seconds
Platform modules already initialized, skipping
Refreshing native plugins compatible for Editor in 0.24 ms, found 1 plugins.
Preloading 0 native plugins for Editor in 0.00 ms.
Unloading 1116 Unused Serialized files (Serialized files now loaded: 0)
System memory in use before: 153.5 MB.
System memory in use after: 153.6 MB.

Unloading 5 unused Assets to reduce memory usage. Loaded Objects now: 1626.
Total: 1.546083 ms (FindLiveObjects: 0.121375 ms CreateObjectMapping: 0.036792 ms MarkObjects: 1.318875 ms  DeleteObjects: 0.067708 ms)

========================================================================
Received Prepare
Registering precompiled user dll's ...
Registered in 0.000557 seconds.
Begin MonoManager ReloadAssembly
Native extension for OSXStandalone target not found
Native extension for WebGL target not found
Refreshing native plugins compatible for Editor in 0.28 ms, found 1 plugins.
Preloading 0 native plugins for Editor in 0.00 ms.
Invoked RoslynAnalysisRunner static constructor.
RoslynAnalysisRunner will not be running.
RoslynAnalysisRunner has terminated.
Mono: successfully reloaded assembly
- Completed reload, in  3.356 seconds
Platform modules already initialized, skipping
Refreshing native plugins compatible for Editor in 0.31 ms, found 1 plugins.
Preloading 0 native plugins for Editor in 0.00 ms.
Unloading 1116 Unused Serialized files (Serialized files now loaded: 0)
System memory in use before: 155.4 MB.
System memory in use after: 155.5 MB.

Unloading 5 unused Assets to reduce memory usage. Loaded Objects now: 1629.
Total: 1.807375 ms (FindLiveObjects: 0.197041 ms CreateObjectMapping: 0.041500 ms MarkObjects: 1.493500 ms  DeleteObjects: 0.073625 ms)

========================================================================
Received Prepare
Registering precompiled user dll's ...
Registered in 0.000503 seconds.
Begin MonoManager ReloadAssembly
Native extension for OSXStandalone target not found
Native extension for WebGL target not found
Refreshing native plugins compatible for Editor in 0.28 ms, found 1 plugins.
Preloading 0 native plugins for Editor in 0.00 ms.
Invoked RoslynAnalysisRunner static constructor.
RoslynAnalysisRunner will not be running.
RoslynAnalysisRunner has terminated.
Mono: successfully reloaded assembly
- Completed reload, in  2.375 seconds
Platform modules already initialized, skipping
Refreshing native plugins compatible for Editor in 0.26 ms, found 1 plugins.
Preloading 0 native plugins for Editor in 0.00 ms.
Unloading 1116 Unused Serialized files (Serialized files now loaded: 0)
System memory in use before: 157.3 MB.
System memory in use after: 157.3 MB.

Unloading 5 unused Assets to reduce memory usage. Loaded Objects now: 1632.
Total: 1.972625 ms (FindLiveObjects: 0.179750 ms CreateObjectMapping: 0.047875 ms MarkObjects: 1.658583 ms  DeleteObjects: 0.084291 ms)

========================================================================
Received Import Request.
  Time since last request: 528.235106 seconds.
  path: Assets/Scripts/GameManager.cs
  artifactKey: Guid(190871cf5a42141ea85ff038faa030ef) Importer(815301076,1909f56bfc062723c751e8b465ee728b)
Start importing Assets/Scripts/GameManager.cs using Guid(190871cf5a42141ea85ff038faa030ef) Importer(815301076,1909f56bfc062723c751e8b465ee728b)  -> (artifact id: '2cfe0c8831b7119d4635aa7e8432794c') in 0.045330 seconds
  Import took 0.062432 seconds .

========================================================================
Received Prepare
Registering precompiled user dll's ...
Registered in 0.000445 seconds.
Begin MonoManager ReloadAssembly
Native extension for OSXStandalone target not found
Native extension for WebGL target not found
Refreshing native plugins compatible for Editor in 0.34 ms, found 1 plugins.
Preloading 0 native plugins for Editor in 0.00 ms.
Invoked RoslynAnalysisRunner static constructor.
RoslynAnalysisRunner will not be running.
RoslynAnalysisRunner has terminated.
Mono: successfully reloaded assembly
- Completed reload, in  2.596 seconds
Platform modules already initialized, skipping
Refreshing native plugins compatible for Editor in 0.32 ms, found 1 plugins.
Preloading 0 native plugins for Editor in 0.00 ms.
Unloading 1116 Unused Serialized files (Serialized files now loaded: 0)
System memory in use before: 159.2 MB.
System memory in use after: 159.2 MB.

Unloading 5 unused Assets to reduce memory usage. Loaded Objects now: 1635.
Total: 2.105084 ms (FindLiveObjects: 0.224083 ms CreateObjectMapping: 0.048416 ms MarkObjects: 1.745375 ms  DeleteObjects: 0.085208 ms)

========================================================================
Received Prepare
Registering precompiled user dll's ...
Registered in 0.001807 seconds.
Begin MonoManager ReloadAssembly
Native extension for OSXStandalone target not found
Native extension for WebGL target not found
Refreshing native plugins compatible for Editor in 0.67 ms, found 1 plugins.
Preloading 0 native plugins for Editor in 0.00 ms.
Invoked RoslynAnalysisRunner static constructor.
RoslynAnalysisRunner will not be running.
RoslynAnalysisRunner has terminated.
Mono: successfully reloaded assembly
- Completed reload, in  6.022 seconds
Platform modules already initialized, skipping
Refreshing native plugins compatible for Editor in 0.51 ms, found 1 plugins.
Preloading 0 native plugins for Editor in 0.00 ms.
Unloading 1116 Unused Serialized files (Serialized files now loaded: 0)
System memory in use before: 161.0 MB.
System memory in use after: 161.1 MB.

Unloading 5 unused Assets to reduce memory usage. Loaded Objects now: 1638.
Total: 4.025458 ms (FindLiveObjects: 0.390000 ms CreateObjectMapping: 0.088000 ms MarkObjects: 3.361500 ms  DeleteObjects: 0.183125 ms)

========================================================================
Received Prepare
Registering precompiled user dll's ...
Registered in 0.000832 seconds.
Begin MonoManager ReloadAssembly
Native extension for OSXStandalone target not found
Native extension for WebGL target not found
Refreshing native plugins compatible for Editor in 0.32 ms, found 1 plugins.
Preloading 0 native plugins for Editor in 0.00 ms.
Invoked RoslynAnalysisRunner static constructor.
RoslynAnalysisRunner will not be running.
RoslynAnalysisRunner has terminated.
Mono: successfully reloaded assembly
- Completed reload, in  3.403 seconds
Platform modules already initialized, skipping
Refreshing native plugins compatible for Editor in 0.28 ms, found 1 plugins.
Preloading 0 native plugins for Editor in 0.00 ms.
Unloading 1116 Unused Serialized files (Serialized files now loaded: 0)
System memory in use before: 162.9 MB.
System memory in use after: 163.0 MB.

Unloading 5 unused Assets to reduce memory usage. Loaded Objects now: 1641.
Total: 2.137334 ms (FindLiveObjects: 0.231834 ms CreateObjectMapping: 0.049209 ms MarkObjects: 1.764959 ms  DeleteObjects: 0.089417 ms)

========================================================================
Received Prepare
Registering precompiled user dll's ...
Registered in 0.000968 seconds.
Begin MonoManager ReloadAssembly
Native extension for OSXStandalone target not found
Native extension for WebGL target not found
Refreshing native plugins compatible for Editor in 0.29 ms, found 1 plugins.
Preloading 0 native plugins for Editor in 0.00 ms.
Invoked RoslynAnalysisRunner static constructor.
RoslynAnalysisRunner will not be running.
RoslynAnalysisRunner has terminated.
Mono: successfully reloaded assembly
- Completed reload, in  3.137 seconds
Platform modules already initialized, skipping
Refreshing native plugins compatible for Editor in 0.24 ms, found 1 plugins.
Preloading 0 native plugins for Editor in 0.00 ms.
Unloading 1116 Unused Serialized files (Serialized files now loaded: 0)
System memory in use before: 164.8 MB.
System memory in use after: 164.9 MB.

Unloading 5 unused Assets to reduce memory usage. Loaded Objects now: 1644.
Total: 2.003125 ms (FindLiveObjects: 0.246541 ms CreateObjectMapping: 0.043042 ms MarkObjects: 1.627708 ms  DeleteObjects: 0.084084 ms)

========================================================================
Received Prepare
Registering precompiled user dll's ...
Registered in 0.002100 seconds.
Begin MonoManager ReloadAssembly
Native extension for OSXStandalone target not found
Native extension for WebGL target not found
Refreshing native plugins compatible for Editor in 0.28 ms, found 1 plugins.
Preloading 0 native plugins for Editor in 0.00 ms.
Invoked RoslynAnalysisRunner static constructor.
RoslynAnalysisRunner will not be running.
RoslynAnalysisRunner has terminated.
Mono: successfully reloaded assembly
- Completed reload, in  2.277 seconds
Platform modules already initialized, skipping
Refreshing native plugins compatible for Editor in 0.23 ms, found 1 plugins.
Preloading 0 native plugins for Editor in 0.00 ms.
Unloading 1116 Unused Serialized files (Serialized files now loaded: 0)
System memory in use before: 166.7 MB.
System memory in use after: 166.8 MB.

Unloading 5 unused Assets to reduce memory usage. Loaded Objects now: 1647.
Total: 1.725500 ms (FindLiveObjects: 0.185708 ms CreateObjectMapping: 0.042375 ms MarkObjects: 1.423875 ms  DeleteObjects: 0.071375 ms)

========================================================================
Received Prepare
Registering precompiled user dll's ...
Registered in 0.000470 seconds.
Begin MonoManager ReloadAssembly
Native extension for OSXStandalone target not found
Native extension for WebGL target not found
Refreshing native plugins compatible for Editor in 0.33 ms, found 1 plugins.
Preloading 0 native plugins for Editor in 0.00 ms.
Invoked RoslynAnalysisRunner static constructor.
RoslynAnalysisRunner will not be running.
RoslynAnalysisRunner has terminated.
Mono: successfully reloaded assembly
- Completed reload, in  3.245 seconds
Platform modules already initialized, skipping
Refreshing native plugins compatible for Editor in 0.24 ms, found 1 plugins.
Preloading 0 native plugins for Editor in 0.00 ms.
Unloading 1116 Unused Serialized files (Serialized files now loaded: 0)
System memory in use before: 168.6 MB.
System memory in use after: 168.6 MB.

Unloading 5 unused Assets to reduce memory usage. Loaded Objects now: 1650.
Total: 1.790666 ms (FindLiveObjects: 0.185750 ms CreateObjectMapping: 0.041000 ms MarkObjects: 1.491208 ms  DeleteObjects: 0.071041 ms)

========================================================================
Received Prepare
Registering precompiled user dll's ...
Registered in 0.000778 seconds.
Begin MonoManager ReloadAssembly
Native extension for OSXStandalone target not found
Native extension for WebGL target not found
Refreshing native plugins compatible for Editor in 0.47 ms, found 1 plugins.
Preloading 0 native plugins for Editor in 0.00 ms.
Invoked RoslynAnalysisRunner static constructor.
RoslynAnalysisRunner will not be running.
RoslynAnalysisRunner has terminated.
Mono: successfully reloaded assembly
- Completed reload, in  3.981 seconds
Platform modules already initialized, skipping
Refreshing native plugins compatible for Editor in 0.40 ms, found 1 plugins.
Preloading 0 native plugins for Editor in 0.00 ms.
Unloading 1116 Unused Serialized files (Serialized files now loaded: 0)
System memory in use before: 170.4 MB.
System memory in use after: 170.5 MB.

Unloading 5 unused Assets to reduce memory usage. Loaded Objects now: 1653.
Total: 3.806708 ms (FindLiveObjects: 0.289250 ms CreateObjectMapping: 0.094292 ms MarkObjects: 3.281375 ms  DeleteObjects: 0.139000 ms)

========================================================================
Received Prepare
Registering precompiled user dll's ...
Registered in 0.000598 seconds.
Begin MonoManager ReloadAssembly
Native extension for OSXStandalone target not found
Native extension for WebGL target not found
Refreshing native plugins compatible for Editor in 0.26 ms, found 1 plugins.
Preloading 0 native plugins for Editor in 0.00 ms.
Invoked RoslynAnalysisRunner static constructor.
RoslynAnalysisRunner will not be running.
RoslynAnalysisRunner has terminated.
Mono: successfully reloaded assembly
- Completed reload, in  2.352 seconds
Platform modules already initialized, skipping
Refreshing native plugins compatible for Editor in 0.26 ms, found 1 plugins.
Preloading 0 native plugins for Editor in 0.00 ms.
Unloading 1116 Unused Serialized files (Serialized files now loaded: 0)
System memory in use before: 172.3 MB.
System memory in use after: 172.4 MB.

Unloading 5 unused Assets to reduce memory usage. Loaded Objects now: 1656.
Total: 2.067625 ms (FindLiveObjects: 0.239833 ms CreateObjectMapping: 0.041917 ms MarkObjects: 1.703250 ms  DeleteObjects: 0.080583 ms)

========================================================================
Received Prepare
Registering precompiled user dll's ...
Registered in 0.002137 seconds.
Begin MonoManager ReloadAssembly
Native extension for OSXStandalone target not found
Native extension for WebGL target not found
Refreshing native plugins compatible for Editor in 0.26 ms, found 1 plugins.
Preloading 0 native plugins for Editor in 0.00 ms.
Invoked RoslynAnalysisRunner static constructor.
RoslynAnalysisRunner will not be running.
RoslynAnalysisRunner has terminated.
Mono: successfully reloaded assembly
- Completed reload, in  2.594 seconds
Platform modules already initialized, skipping
Refreshing native plugins compatible for Editor in 0.22 ms, found 1 plugins.
Preloading 0 native plugins for Editor in 0.00 ms.
Unloading 1116 Unused Serialized files (Serialized files now loaded: 0)
System memory in use before: 174.2 MB.
System memory in use after: 174.3 MB.

Unloading 5 unused Assets to reduce memory usage. Loaded Objects now: 1659.
Total: 1.718166 ms (FindLiveObjects: 0.183792 ms CreateObjectMapping: 0.036541 ms MarkObjects: 1.423709 ms  DeleteObjects: 0.072750 ms)

========================================================================
Received Prepare
Registering precompiled user dll's ...
Registered in 0.000957 seconds.
Begin MonoManager ReloadAssembly
Native extension for OSXStandalone target not found
Native extension for WebGL target not found
Refreshing native plugins compatible for Editor in 0.33 ms, found 1 plugins.
Preloading 0 native plugins for Editor in 0.00 ms.
Invoked RoslynAnalysisRunner static constructor.
RoslynAnalysisRunner will not be running.
RoslynAnalysisRunner has terminated.
Mono: successfully reloaded assembly
- Completed reload, in  3.026 seconds
Platform modules already initialized, skipping
Refreshing native plugins compatible for Editor in 0.26 ms, found 1 plugins.
Preloading 0 native plugins for Editor in 0.00 ms.
Unloading 1116 Unused Serialized files (Serialized files now loaded: 0)
System memory in use before: 176.1 MB.
System memory in use after: 176.2 MB.

Unloading 5 unused Assets to reduce memory usage. Loaded Objects now: 1662.
Total: 2.209834 ms (FindLiveObjects: 0.276333 ms CreateObjectMapping: 0.038583 ms MarkObjects: 1.803583 ms  DeleteObjects: 0.089375 ms)

========================================================================
Received Prepare
Registering precompiled user dll's ...
Registered in 0.000385 seconds.
Begin MonoManager ReloadAssembly
Native extension for OSXStandalone target not found
Native extension for WebGL target not found
Refreshing native plugins compatible for Editor in 0.32 ms, found 1 plugins.
Preloading 0 native plugins for Editor in 0.00 ms.
Invoked RoslynAnalysisRunner static constructor.
RoslynAnalysisRunner will not be running.
RoslynAnalysisRunner has terminated.
Mono: successfully reloaded assembly
- Completed reload, in  2.679 seconds
Platform modules already initialized, skipping
Refreshing native plugins compatible for Editor in 0.27 ms, found 1 plugins.
Preloading 0 native plugins for Editor in 0.00 ms.
Unloading 1116 Unused Serialized files (Serialized files now loaded: 0)
System memory in use before: 178.0 MB.
System memory in use after: 178.0 MB.

Unloading 5 unused Assets to reduce memory usage. Loaded Objects now: 1665.
Total: 2.139333 ms (FindLiveObjects: 0.181666 ms CreateObjectMapping: 0.046958 ms MarkObjects: 1.824333 ms  DeleteObjects: 0.084417 ms)

========================================================================
Received Prepare
Registering precompiled user dll's ...
Registered in 0.000511 seconds.
Begin MonoManager ReloadAssembly
Native extension for OSXStandalone target not found
Native extension for WebGL target not found
Refreshing native plugins compatible for Editor in 0.28 ms, found 1 plugins.
Preloading 0 native plugins for Editor in 0.00 ms.
Invoked RoslynAnalysisRunner static constructor.
RoslynAnalysisRunner will not be running.
RoslynAnalysisRunner has terminated.
Mono: successfully reloaded assembly
- Completed reload, in  2.672 seconds
Platform modules already initialized, skipping
Refreshing native plugins compatible for Editor in 0.33 ms, found 1 plugins.
Preloading 0 native plugins for Editor in 0.00 ms.
Unloading 1116 Unused Serialized files (Serialized files now loaded: 0)
System memory in use before: 179.8 MB.
System memory in use after: 179.9 MB.

Unloading 5 unused Assets to reduce memory usage. Loaded Objects now: 1668.
Total: 2.170125 ms (FindLiveObjects: 0.265375 ms CreateObjectMapping: 0.051792 ms MarkObjects: 1.759667 ms  DeleteObjects: 0.091709 ms)

========================================================================
Received Prepare
Registering precompiled user dll's ...
Registered in 0.000557 seconds.
Begin MonoManager ReloadAssembly
Native extension for OSXStandalone target not found
Native extension for WebGL target not found
Refreshing native plugins compatible for Editor in 0.48 ms, found 1 plugins.
Preloading 0 native plugins for Editor in 0.00 ms.
Invoked RoslynAnalysisRunner static constructor.
RoslynAnalysisRunner will not be running.
RoslynAnalysisRunner has terminated.
Mono: successfully reloaded assembly
- Completed reload, in  3.638 seconds
Platform modules already initialized, skipping
Refreshing native plugins compatible for Editor in 0.36 ms, found 1 plugins.
Preloading 0 native plugins for Editor in 0.00 ms.
Unloading 1116 Unused Serialized files (Serialized files now loaded: 0)
System memory in use before: 181.7 MB.
System memory in use after: 181.8 MB.

Unloading 5 unused Assets to reduce memory usage. Loaded Objects now: 1671.
Total: 3.195959 ms (FindLiveObjects: 0.307375 ms CreateObjectMapping: 0.071917 ms MarkObjects: 2.701250 ms  DeleteObjects: 0.113166 ms)

========================================================================
Received Prepare
Registering precompiled user dll's ...
Registered in 0.000522 seconds.
Begin MonoManager ReloadAssembly
Native extension for OSXStandalone target not found
Native extension for WebGL target not found
Refreshing native plugins compatible for Editor in 0.27 ms, found 1 plugins.
Preloading 0 native plugins for Editor in 0.00 ms.
Invoked RoslynAnalysisRunner static constructor.
RoslynAnalysisRunner will not be running.
RoslynAnalysisRunner has terminated.
Mono: successfully reloaded assembly
- Completed reload, in  2.266 seconds
Platform modules already initialized, skipping
Refreshing native plugins compatible for Editor in 0.22 ms, found 1 plugins.
Preloading 0 native plugins for Editor in 0.00 ms.
Unloading 1116 Unused Serialized files (Serialized files now loaded: 0)
System memory in use before: 183.6 MB.
System memory in use after: 183.7 MB.

Unloading 5 unused Assets to reduce memory usage. Loaded Objects now: 1674.
Total: 1.761250 ms (FindLiveObjects: 0.210958 ms CreateObjectMapping: 0.037792 ms MarkObjects: 1.432584 ms  DeleteObjects: 0.078459 ms)

========================================================================
Received Prepare
Registering precompiled user dll's ...
Registered in 0.000946 seconds.
Begin MonoManager ReloadAssembly
Native extension for OSXStandalone target not found
Native extension for WebGL target not found
Refreshing native plugins compatible for Editor in 0.33 ms, found 1 plugins.
Preloading 0 native plugins for Editor in 0.00 ms.
Invoked RoslynAnalysisRunner static constructor.
RoslynAnalysisRunner will not be running.
RoslynAnalysisRunner has terminated.
Mono: successfully reloaded assembly
- Completed reload, in  3.544 seconds
Platform modules already initialized, skipping
Refreshing native plugins compatible for Editor in 0.42 ms, found 1 plugins.
Preloading 0 native plugins for Editor in 0.00 ms.
Unloading 1116 Unused Serialized files (Serialized files now loaded: 0)
System memory in use before: 185.5 MB.
System memory in use after: 185.6 MB.

Unloading 5 unused Assets to reduce memory usage. Loaded Objects now: 1677.
Total: 2.962959 ms (FindLiveObjects: 0.240500 ms CreateObjectMapping: 0.068375 ms MarkObjects: 2.523375 ms  DeleteObjects: 0.128750 ms)

========================================================================
Received Prepare
Registering precompiled user dll's ...
Registered in 0.000544 seconds.
Begin MonoManager ReloadAssembly
Native extension for OSXStandalone target not found
Native extension for WebGL target not found
Refreshing native plugins compatible for Editor in 0.30 ms, found 1 plugins.
Preloading 0 native plugins for Editor in 0.00 ms.
Invoked RoslynAnalysisRunner static constructor.
RoslynAnalysisRunner will not be running.
RoslynAnalysisRunner has terminated.
Mono: successfully reloaded assembly
- Completed reload, in  2.677 seconds
Platform modules already initialized, skipping
Refreshing native plugins compatible for Editor in 0.26 ms, found 1 plugins.
Preloading 0 native plugins for Editor in 0.00 ms.
Unloading 1116 Unused Serialized files (Serialized files now loaded: 0)
System memory in use before: 187.3 MB.
System memory in use after: 187.4 MB.

Unloading 5 unused Assets to reduce memory usage. Loaded Objects now: 1680.
Total: 1.891500 ms (FindLiveObjects: 0.211292 ms CreateObjectMapping: 0.042667 ms MarkObjects: 1.562291 ms  DeleteObjects: 0.073667 ms)

========================================================================
Received Prepare
Registering precompiled user dll's ...
Registered in 0.003698 seconds.
Begin MonoManager ReloadAssembly
Native extension for OSXStandalone target not found
Native extension for WebGL target not found
Refreshing native plugins compatible for Editor in 0.43 ms, found 1 plugins.
Preloading 0 native plugins for Editor in 0.00 ms.
Invoked RoslynAnalysisRunner static constructor.
RoslynAnalysisRunner will not be running.
RoslynAnalysisRunner has terminated.
Mono: successfully reloaded assembly
- Completed reload, in  2.792 seconds
Platform modules already initialized, skipping
Refreshing native plugins compatible for Editor in 0.25 ms, found 1 plugins.
Preloading 0 native plugins for Editor in 0.00 ms.
Unloading 1116 Unused Serialized files (Serialized files now loaded: 0)
System memory in use before: 189.2 MB.
System memory in use after: 189.3 MB.

Unloading 5 unused Assets to reduce memory usage. Loaded Objects now: 1683.
Total: 1.710541 ms (FindLiveObjects: 0.218000 ms CreateObjectMapping: 0.042541 ms MarkObjects: 1.367375 ms  DeleteObjects: 0.081209 ms)

========================================================================
Received Prepare
Registering precompiled user dll's ...
Registered in 0.000649 seconds.
Begin MonoManager ReloadAssembly
Native extension for OSXStandalone target not found
Native extension for WebGL target not found
Refreshing native plugins compatible for Editor in 0.37 ms, found 1 plugins.
Preloading 0 native plugins for Editor in 0.00 ms.
Invoked RoslynAnalysisRunner static constructor.
RoslynAnalysisRunner will not be running.
RoslynAnalysisRunner has terminated.
Mono: successfully reloaded assembly
- Completed reload, in  4.909 seconds
Platform modules already initialized, skipping
Refreshing native plugins compatible for Editor in 0.44 ms, found 1 plugins.
Preloading 0 native plugins for Editor in 0.00 ms.
Unloading 1116 Unused Serialized files (Serialized files now loaded: 0)
System memory in use before: 191.1 MB.
System memory in use after: 191.2 MB.

Unloading 5 unused Assets to reduce memory usage. Loaded Objects now: 1686.
Total: 3.700875 ms (FindLiveObjects: 0.332000 ms CreateObjectMapping: 0.089042 ms MarkObjects: 3.115667 ms  DeleteObjects: 0.160083 ms)

========================================================================
Received Import Request.
  Time since last request: 2492.145284 seconds.
  path: Assets/Scripts/Player.cs
  artifactKey: Guid(402960f6938774ee29f7c1015b7cfc25) Importer(815301076,1909f56bfc062723c751e8b465ee728b)
Start importing Assets/Scripts/Player.cs using Guid(402960f6938774ee29f7c1015b7cfc25) Importer(815301076,1909f56bfc062723c751e8b465ee728b)  -> (artifact id: '02e7df3c56edc5a9e5efb86e07839649') in 0.008609 seconds
  Import took 0.011377 seconds .

========================================================================
Received Import Request.
  Time since last request: 0.018464 seconds.
  path: Assets/Scripts/Player.cs
  artifactKey: Guid(402960f6938774ee29f7c1015b7cfc25) Importer(815301076,1909f56bfc062723c751e8b465ee728b)
Start importing Assets/Scripts/Player.cs using Guid(402960f6938774ee29f7c1015b7cfc25) Importer(815301076,1909f56bfc062723c751e8b465ee728b)  -> (artifact id: '02e7df3c56edc5a9e5efb86e07839649') in 0.002810 seconds
  Import took 0.005106 seconds .

========================================================================
Received Prepare
Registering precompiled user dll's ...
Registered in 0.000831 seconds.
Begin MonoManager ReloadAssembly
Native extension for OSXStandalone target not found
Native extension for WebGL target not found
Refreshing native plugins compatible for Editor in 0.37 ms, found 1 plugins.
Preloading 0 native plugins for Editor in 0.00 ms.
Invoked RoslynAnalysisRunner static constructor.
RoslynAnalysisRunner will not be running.
RoslynAnalysisRunner has terminated.
Mono: successfully reloaded assembly
- Completed reload, in  2.647 seconds
Platform modules already initialized, skipping
Refreshing native plugins compatible for Editor in 0.21 ms, found 1 plugins.
Preloading 0 native plugins for Editor in 0.00 ms.
Unloading 1116 Unused Serialized files (Serialized files now loaded: 0)
System memory in use before: 193.0 MB.
System memory in use after: 193.1 MB.

Unloading 5 unused Assets to reduce memory usage. Loaded Objects now: 1689.
Total: 2.041792 ms (FindLiveObjects: 0.525500 ms CreateObjectMapping: 0.036583 ms MarkObjects: 1.356125 ms  DeleteObjects: 0.122084 ms)

========================================================================
Received Prepare
Registering precompiled user dll's ...
Registered in 0.001452 seconds.
Begin MonoManager ReloadAssembly
Native extension for OSXStandalone target not found
Native extension for WebGL target not found
Refreshing native plugins compatible for Editor in 0.54 ms, found 1 plugins.
Preloading 0 native plugins for Editor in 0.00 ms.
Invoked RoslynAnalysisRunner static constructor.
RoslynAnalysisRunner will not be running.
RoslynAnalysisRunner has terminated.
Mono: successfully reloaded assembly
- Completed reload, in  4.931 seconds
Platform modules already initialized, skipping
Refreshing native plugins compatible for Editor in 0.42 ms, found 1 plugins.
Preloading 0 native plugins for Editor in 0.00 ms.
Unloading 1116 Unused Serialized files (Serialized files now loaded: 0)
System memory in use before: 194.9 MB.
System memory in use after: 195.0 MB.

Unloading 5 unused Assets to reduce memory usage. Loaded Objects now: 1692.
Total: 2.920750 ms (FindLiveObjects: 0.240542 ms CreateObjectMapping: 0.075250 ms MarkObjects: 2.484000 ms  DeleteObjects: 0.118500 ms)

========================================================================
Received Prepare
Registering precompiled user dll's ...
Registered in 0.000861 seconds.
Begin MonoManager ReloadAssembly
Native extension for OSXStandalone target not found
Native extension for WebGL target not found
Refreshing native plugins compatible for Editor in 0.30 ms, found 1 plugins.
Preloading 0 native plugins for Editor in 0.00 ms.
Invoked RoslynAnalysisRunner static constructor.
RoslynAnalysisRunner will not be running.
RoslynAnalysisRunner has terminated.
Mono: successfully reloaded assembly
- Completed reload, in  3.978 seconds
Platform modules already initialized, skipping
Refreshing native plugins compatible for Editor in 0.27 ms, found 1 plugins.
Preloading 0 native plugins for Editor in 0.00 ms.
Unloading 1116 Unused Serialized files (Serialized files now loaded: 0)
System memory in use before: 196.8 MB.
System memory in use after: 196.8 MB.

Unloading 5 unused Assets to reduce memory usage. Loaded Objects now: 1695.
Total: 1.849583 ms (FindLiveObjects: 0.203875 ms CreateObjectMapping: 0.043708 ms MarkObjects: 1.522541 ms  DeleteObjects: 0.077708 ms)

========================================================================
Received Import Request.
  Time since last request: 215.499419 seconds.
  path: Assets/Scripts/Player.cs
  artifactKey: Guid(402960f6938774ee29f7c1015b7cfc25) Importer(815301076,1909f56bfc062723c751e8b465ee728b)
Start importing Assets/Scripts/Player.cs using Guid(402960f6938774ee29f7c1015b7cfc25) Importer(815301076,1909f56bfc062723c751e8b465ee728b)  -> (artifact id: '0be8e3d32590b0c70885adb136540413') in 0.009309 seconds
  Import took 0.011631 seconds .

========================================================================
Received Prepare
Registering precompiled user dll's ...
Registered in 0.001180 seconds.
Begin MonoManager ReloadAssembly
Native extension for OSXStandalone target not found
Native extension for WebGL target not found
Refreshing native plugins compatible for Editor in 0.26 ms, found 1 plugins.
Preloading 0 native plugins for Editor in 0.00 ms.
Invoked RoslynAnalysisRunner static constructor.
RoslynAnalysisRunner will not be running.
RoslynAnalysisRunner has terminated.
Mono: successfully reloaded assembly
- Completed reload, in  3.131 seconds
Platform modules already initialized, skipping
Refreshing native plugins compatible for Editor in 0.24 ms, found 1 plugins.
Preloading 0 native plugins for Editor in 0.00 ms.
Unloading 1116 Unused Serialized files (Serialized files now loaded: 0)
System memory in use before: 198.6 MB.
System memory in use after: 198.7 MB.

Unloading 5 unused Assets to reduce memory usage. Loaded Objects now: 1698.
Total: 1.894333 ms (FindLiveObjects: 0.166709 ms CreateObjectMapping: 0.042417 ms MarkObjects: 1.602125 ms  DeleteObjects: 0.080750 ms)

========================================================================
Received Prepare
Registering precompiled user dll's ...
Registered in 0.001905 seconds.
Begin MonoManager ReloadAssembly
Native extension for OSXStandalone target not found
Native extension for WebGL target not found
Refreshing native plugins compatible for Editor in 0.46 ms, found 1 plugins.
Preloading 0 native plugins for Editor in 0.00 ms.
Invoked RoslynAnalysisRunner static constructor.
RoslynAnalysisRunner will not be running.
RoslynAnalysisRunner has terminated.
Mono: successfully reloaded assembly
- Completed reload, in  5.544 seconds
Platform modules already initialized, skipping
Refreshing native plugins compatible for Editor in 0.69 ms, found 1 plugins.
Preloading 0 native plugins for Editor in 0.00 ms.
Unloading 1116 Unused Serialized files (Serialized files now loaded: 0)
System memory in use before: 200.5 MB.
System memory in use after: 200.6 MB.

Unloading 5 unused Assets to reduce memory usage. Loaded Objects now: 1701.
Total: 5.692167 ms (FindLiveObjects: 0.496500 ms CreateObjectMapping: 0.213958 ms MarkObjects: 4.859125 ms  DeleteObjects: 0.119834 ms)

========================================================================
Received Prepare
Registering precompiled user dll's ...
Registered in 0.000512 seconds.
Begin MonoManager ReloadAssembly
Native extension for OSXStandalone target not found
Native extension for WebGL target not found
Refreshing native plugins compatible for Editor in 0.28 ms, found 1 plugins.
Preloading 0 native plugins for Editor in 0.00 ms.
Invoked RoslynAnalysisRunner static constructor.
RoslynAnalysisRunner will not be running.
RoslynAnalysisRunner has terminated.
Mono: successfully reloaded assembly
- Completed reload, in  2.581 seconds
Platform modules already initialized, skipping
Refreshing native plugins compatible for Editor in 0.31 ms, found 1 plugins.
Preloading 0 native plugins for Editor in 0.00 ms.
Unloading 1116 Unused Serialized files (Serialized files now loaded: 0)
System memory in use before: 202.4 MB.
System memory in use after: 202.5 MB.

Unloading 5 unused Assets to reduce memory usage. Loaded Objects now: 1704.
Total: 2.102708 ms (FindLiveObjects: 0.224833 ms CreateObjectMapping: 0.049500 ms MarkObjects: 1.737250 ms  DeleteObjects: 0.089125 ms)

========================================================================
Received Prepare
Registering precompiled user dll's ...
Registered in 0.001067 seconds.
Begin MonoManager ReloadAssembly
Native extension for OSXStandalone target not found
Native extension for WebGL target not found
Refreshing native plugins compatible for Editor in 0.36 ms, found 1 plugins.
Preloading 0 native plugins for Editor in 0.00 ms.
Invoked RoslynAnalysisRunner static constructor.
RoslynAnalysisRunner will not be running.
RoslynAnalysisRunner has terminated.
Mono: successfully reloaded assembly
- Completed reload, in  3.302 seconds
Platform modules already initialized, skipping
Refreshing native plugins compatible for Editor in 0.27 ms, found 1 plugins.
Preloading 0 native plugins for Editor in 0.00 ms.
Unloading 1116 Unused Serialized files (Serialized files now loaded: 0)
System memory in use before: 204.3 MB.
System memory in use after: 204.4 MB.

Unloading 5 unused Assets to reduce memory usage. Loaded Objects now: 1707.
Total: 2.188791 ms (FindLiveObjects: 0.239583 ms CreateObjectMapping: 0.050667 ms MarkObjects: 1.812334 ms  DeleteObjects: 0.084209 ms)

========================================================================
Received Prepare
Registering precompiled user dll's ...
Registered in 0.000493 seconds.
Begin MonoManager ReloadAssembly
Native extension for OSXStandalone target not found
Native extension for WebGL target not found
Refreshing native plugins compatible for Editor in 0.27 ms, found 1 plugins.
Preloading 0 native plugins for Editor in 0.00 ms.
Invoked RoslynAnalysisRunner static constructor.
RoslynAnalysisRunner will not be running.
RoslynAnalysisRunner has terminated.
Mono: successfully reloaded assembly
- Completed reload, in  2.310 seconds
Platform modules already initialized, skipping
Refreshing native plugins compatible for Editor in 0.28 ms, found 1 plugins.
Preloading 0 native plugins for Editor in 0.00 ms.
Unloading 1116 Unused Serialized files (Serialized files now loaded: 0)
System memory in use before: 206.2 MB.
System memory in use after: 206.2 MB.

Unloading 5 unused Assets to reduce memory usage. Loaded Objects now: 1710.
Total: 1.742375 ms (FindLiveObjects: 0.146458 ms CreateObjectMapping: 0.042625 ms MarkObjects: 1.480291 ms  DeleteObjects: 0.071625 ms)

========================================================================
Received Prepare
Registering precompiled user dll's ...
Registered in 0.000541 seconds.
Begin MonoManager ReloadAssembly
Native extension for OSXStandalone target not found
Native extension for WebGL target not found
Refreshing native plugins compatible for Editor in 0.42 ms, found 1 plugins.
Preloading 0 native plugins for Editor in 0.00 ms.
Invoked RoslynAnalysisRunner static constructor.
RoslynAnalysisRunner will not be running.
RoslynAnalysisRunner has terminated.
Mono: successfully reloaded assembly
- Completed reload, in  3.772 seconds
Platform modules already initialized, skipping
Refreshing native plugins compatible for Editor in 0.39 ms, found 1 plugins.
Preloading 0 native plugins for Editor in 0.00 ms.
Unloading 1116 Unused Serialized files (Serialized files now loaded: 0)
System memory in use before: 208.0 MB.
System memory in use after: 208.1 MB.

Unloading 5 unused Assets to reduce memory usage. Loaded Objects now: 1713.
Total: 2.837000 ms (FindLiveObjects: 0.273667 ms CreateObjectMapping: 0.074584 ms MarkObjects: 2.398500 ms  DeleteObjects: 0.087917 ms)

========================================================================
Received Prepare
Registering precompiled user dll's ...
Registered in 0.000522 seconds.
Begin MonoManager ReloadAssembly
Native extension for OSXStandalone target not found
Native extension for WebGL target not found
Refreshing native plugins compatible for Editor in 0.37 ms, found 1 plugins.
Preloading 0 native plugins for Editor in 0.00 ms.
Invoked RoslynAnalysisRunner static constructor.
RoslynAnalysisRunner will not be running.
RoslynAnalysisRunner has terminated.
Mono: successfully reloaded assembly
- Completed reload, in  3.058 seconds
Platform modules already initialized, skipping
Refreshing native plugins compatible for Editor in 0.26 ms, found 1 plugins.
Preloading 0 native plugins for Editor in 0.00 ms.
Unloading 1116 Unused Serialized files (Serialized files now loaded: 0)
System memory in use before: 209.9 MB.
System memory in use after: 210.0 MB.

Unloading 5 unused Assets to reduce memory usage. Loaded Objects now: 1716.
Total: 2.185541 ms (FindLiveObjects: 0.240000 ms CreateObjectMapping: 0.045833 ms MarkObjects: 1.806542 ms  DeleteObjects: 0.091042 ms)

========================================================================
Received Prepare
Registering precompiled user dll's ...
Registered in 0.000395 seconds.
Begin MonoManager ReloadAssembly
Native extension for OSXStandalone target not found
Native extension for WebGL target not found
Refreshing native plugins compatible for Editor in 0.31 ms, found 1 plugins.
Preloading 0 native plugins for Editor in 0.00 ms.
Invoked RoslynAnalysisRunner static constructor.
RoslynAnalysisRunner will not be running.
RoslynAnalysisRunner has terminated.
Mono: successfully reloaded assembly
- Completed reload, in  2.962 seconds
Platform modules already initialized, skipping
Refreshing native plugins compatible for Editor in 0.27 ms, found 1 plugins.
Preloading 0 native plugins for Editor in 0.00 ms.
Unloading 1116 Unused Serialized files (Serialized files now loaded: 0)
System memory in use before: 211.8 MB.
System memory in use after: 211.9 MB.

Unloading 5 unused Assets to reduce memory usage. Loaded Objects now: 1719.
Total: 2.381083 ms (FindLiveObjects: 0.178500 ms CreateObjectMapping: 0.044583 ms MarkObjects: 2.066750 ms  DeleteObjects: 0.089416 ms)

========================================================================
Received Prepare
Registering precompiled user dll's ...
Registered in 0.001133 seconds.
Begin MonoManager ReloadAssembly
Native extension for OSXStandalone target not found
Native extension for WebGL target not found
Refreshing native plugins compatible for Editor in 0.27 ms, found 1 plugins.
Preloading 0 native plugins for Editor in 0.00 ms.
Invoked RoslynAnalysisRunner static constructor.
RoslynAnalysisRunner will not be running.
RoslynAnalysisRunner has terminated.
Mono: successfully reloaded assembly
- Completed reload, in  2.682 seconds
Platform modules already initialized, skipping
Refreshing native plugins compatible for Editor in 0.23 ms, found 1 plugins.
Preloading 0 native plugins for Editor in 0.00 ms.
Unloading 1116 Unused Serialized files (Serialized files now loaded: 0)
System memory in use before: 213.7 MB.
System memory in use after: 213.8 MB.

Unloading 5 unused Assets to reduce memory usage. Loaded Objects now: 1722.
Total: 1.707542 ms (FindLiveObjects: 0.173625 ms CreateObjectMapping: 0.037917 ms MarkObjects: 1.419958 ms  DeleteObjects: 0.072334 ms)

========================================================================
Received Prepare
Registering precompiled user dll's ...
Registered in 0.000334 seconds.
Begin MonoManager ReloadAssembly
Native extension for OSXStandalone target not found
Native extension for WebGL target not found
Refreshing native plugins compatible for Editor in 0.26 ms, found 1 plugins.
Preloading 0 native plugins for Editor in 0.00 ms.
Invoked RoslynAnalysisRunner static constructor.
RoslynAnalysisRunner will not be running.
RoslynAnalysisRunner has terminated.
Mono: successfully reloaded assembly
- Completed reload, in  2.233 seconds
Platform modules already initialized, skipping
Refreshing native plugins compatible for Editor in 0.39 ms, found 1 plugins.
Preloading 0 native plugins for Editor in 0.00 ms.
Unloading 1116 Unused Serialized files (Serialized files now loaded: 0)
System memory in use before: 215.6 MB.
System memory in use after: 215.7 MB.

Unloading 5 unused Assets to reduce memory usage. Loaded Objects now: 1725.
Total: 2.857958 ms (FindLiveObjects: 0.292333 ms CreateObjectMapping: 0.071083 ms MarkObjects: 2.378042 ms  DeleteObjects: 0.113125 ms)

